<?xml version="1.0" encoding="utf-8"?><testsuites name="pytest tests"><testsuite name="pytest" errors="0" failures="0" skipped="0" tests="15" time="3.099" timestamp="2026-04-18T20:25:43.913948+00:00" hostname="agent-env-9b5b3148-af38-4342-a9e6-74c59c064cda"><testcase classname="tests.test_sprint3_final_must.TestXPBackendLink" name="test_xp_apply_training_confirm_returns_success" time="0.351" /><testcase classname="tests.test_sprint3_final_must.TestXPBackendLink" name="test_xp_apply_daily_task_returns_correct_delta" time="0.153" /><testcase classname="tests.test_sprint3_final_must.TestXPBackendLink" name="test_xp_apply_absence_report_returns_correct_delta" time="0.164" /><testcase classname="tests.test_sprint3_final_must.TestXPBackendLink" name="test_xp_apply_coach_message_sent_returns_correct_delta" time="0.174" /><testcase classname="tests.test_sprint3_final_must.TestXPBackendLink" name="test_xp_apply_increases_discipline" time="0.335" /><testcase classname="tests.test_sprint3_final_must.TestXPBackendLink" name="test_xp_apply_persists_in_db" time="0.558" /><testcase classname="tests.test_sprint3_final_must.TestFeedPriorityField" name="test_feed_returns_priority_field" time="0.166" /><testcase classname="tests.test_sprint3_final_must.TestFeedPriorityField" name="test_feed_priority_mapping_coach_message_is_critical" time="0.144" /><testcase classname="tests.test_sprint3_final_must.TestFeedPriorityField" name="test_feed_priority_mapping_achievement_is_important" time="0.141" /><testcase classname="tests.test_sprint3_final_must.TestMarketReasonMicrocontext" name="test_marketplace_featured_returns_reason_field" time="0.116" /><testcase classname="tests.test_sprint3_final_must.TestMarketReasonMicrocontext" name="test_marketplace_coach_recommended_has_reason" time="0.117" /><testcase classname="tests.test_sprint3_final_must.TestMarketReasonMicrocontext" name="test_marketplace_category_based_reasons" time="0.140" /><testcase classname="tests.test_sprint3_final_must.TestCompetitionsUrgency" name="test_student_home_returns_upcoming_competitions_with_days_until" time="0.140" /><testcase classname="tests.test_sprint3_final_must.TestCompetitionsUrgency" name="test_competitions_days_until_calculation" time="0.168" /><testcase classname="tests.test_sprint3_final_must.TestCompetitionsUrgency" name="test_home_still_works_regression_check" time="0.169" /></testsuite></testsuites>