<?xml version="1.0" encoding="utf-8"?><testsuites name="pytest tests"><testsuite name="pytest" errors="0" failures="0" skipped="0" tests="7" time="2.525" timestamp="2026-04-18T19:40:29.992119+00:00" hostname="agent-env-9b5b3148-af38-4342-a9e6-74c59c064cda"><testcase classname="tests.test_junior_sprint3_finalization.TestJuniorSprint3Backend" name="test_student_home_returns_upcoming_competitions" time="0.460" /><testcase classname="tests.test_junior_sprint3_finalization.TestJuniorSprint3Backend" name="test_marketplace_featured_returns_coach_recommended" time="0.264" /><testcase classname="tests.test_junior_sprint3_finalization.TestJuniorSprint3Backend" name="test_schedule_calendar_returns_days_with_trainings" time="0.379" /><testcase classname="tests.test_junior_sprint3_finalization.TestJuniorSprint3Backend" name="test_confirm_training_with_otp_bypass" time="0.342" /><testcase classname="tests.test_junior_sprint3_finalization.TestJuniorSprint3Backend" name="test_absence_with_otp_bypass" time="0.315" /><testcase classname="tests.test_junior_sprint3_finalization.TestJuniorSprint3Integration" name="test_home_data_flows_to_market_sections" time="0.397" /><testcase classname="tests.test_junior_sprint3_finalization.TestJuniorSprint3Integration" name="test_schedule_next_training_hero_data" time="0.289" /></testsuite></testsuites>